<?xml version="1.0" encoding="UTF-8"?>
<!-- Generated by org.testng.reporters.JUnitXMLReporter -->
<testsuite ignored="0" hostname="LAPTOP-JMA4G1E3" failures="0" tests="3" name="Default test" time="20.329" errors="0" timestamp="2026-05-01T17:02:48 IST">
  <testcase classname="tests.CartTest" name="testAddItemToCart" time="0.774"/>
  <testcase classname="tests.CartTest" name="testGoToCart" time="0.854"/>
  <testcase classname="tests.CartTest" name="testRemoveItemFromCart" time="10.961"/>
</testsuite> <!-- Default test -->
