<?xml version="1.0" encoding="UTF-8"?>
<!-- Generated by org.testng.reporters.JUnitReportReporter -->
<testsuite hostname="LAPTOP-JMA4G1E3" failures="0" tests="3" name="tests.CartTest" time="20.264" errors="0" timestamp="2026-05-01T17:02:49 IST" skipped="0">
  <testcase classname="tests.CartTest" name="testAddItemToCart" time="3.009"/>
  <testcase classname="tests.CartTest" name="testGoToCart" time="3.751"/>
  <testcase classname="tests.CartTest" name="testRemoveItemFromCart" time="13.504"/>
</testsuite> <!-- tests.CartTest -->
