<?xml version="1.0" encoding="UTF-8"?>
<!-- Generated by org.testng.reporters.JUnitReportReporter -->
<testsuite hostname="LAPTOP-JMA4G1E3" failures="0" tests="6" name="tests.LoginTest" time="18.292" errors="0" timestamp="2026-05-01T17:01:20 IST" skipped="0">
  <testcase classname="tests.LoginTest" name="testValidLogin" time="4.586"/>
  <testcase classname="tests.LoginTest" name="testInvalidLogin" time="2.730"/>
  <testcase classname="tests.LoginTest" name="testEmptyLogin" time="2.510"/>
  <testcase classname="tests.LoginTest" name="testMultipleUsers" time="2.732"/>
  <testcase classname="tests.LoginTest" name="testMultipleUsers" time="2.633"/>
  <testcase classname="tests.LoginTest" name="testMultipleUsers" time="3.101"/>
</testsuite> <!-- tests.LoginTest -->
